<?xml version="1.0" encoding="UTF-8"?>
<!-- Generated by org.testng.reporters.JUnitXMLReporter -->
<testsuite hostname="DESKTOP-1JNC64G" ignored="0" name="Surefire test" tests="6" failures="0" timestamp="2022-01-21T13:42:40 IST" time="0.199" errors="0">
  <testcase name="IOSApps" time="0.059" classname="RahulShettyTraining.MavenJava.AppiumTest"/>
  <testcase name="NativeAppAndroid" time="0.001" classname="RahulShettyTraining.MavenJava.AppiumTest"/>
  <testcase name="deleteTwitter" time="0.001" classname="RahulShettyTraining.MavenJava.RestAPITest"/>
  <testcase name="postJIRA" time="0.0" classname="RahulShettyTraining.MavenJava.RestAPITest"/>
  <testcase name="browserAutomation" time="0.0" classname="RahulShettyTraining.MavenJava.SeleniumTest"/>
  <testcase name="elementsUI" time="0.005" classname="RahulShettyTraining.MavenJava.SeleniumTest"/>
</testsuite> <!-- Surefire test -->
