<?xml version="1.0" encoding="UTF-8"?>
<!-- Generated by org.testng.reporters.JUnitXMLReporter -->
<testsuite ignored="0" hostname="DESKTOP-1JNC64G" failures="0" tests="6" name="Test" time="0.372" errors="0" timestamp="2022-01-21T16:14:50 IST">
  <testcase classname="RahulShettyTraining.MavenJava.SeleniumTest" name="browserAutomation" time="0.132"/>
  <testcase classname="RahulShettyTraining.MavenJava.SeleniumTest" name="elementsUI" time="0.003"/>
  <testcase classname="RahulShettyTraining.MavenJava.RestAPITest" name="deleteTwitter" time="0.006"/>
  <testcase classname="RahulShettyTraining.MavenJava.RestAPITest" name="postJIRA" time="0.005"/>
  <testcase classname="RahulShettyTraining.MavenJava.AppiumTest" name="IOSApps" time="0.005"/>
  <testcase classname="RahulShettyTraining.MavenJava.AppiumTest" name="NativeAppAndroid" time="0.035"/>
</testsuite> <!-- Test -->
