<?xml version="1.0" encoding="UTF-8"?>
<!-- Generated by org.testng.reporters.JUnitXMLReporter -->
<testsuite hostname="DESKTOP-1JNC64G" ignored="0" name="Test" tests="6" failures="0" timestamp="2022-01-24T23:08:49 IST" time="0.135" errors="0">
  <testcase name="browserAutomation" time="0.007" classname="RahulShettyTraining.MavenJava.SeleniumTest"/>
  <testcase name="elementsUI" time="0.002" classname="RahulShettyTraining.MavenJava.SeleniumTest"/>
  <testcase name="deleteTwitter" time="0.002" classname="RahulShettyTraining.MavenJava.RestAPITest"/>
  <testcase name="postJIRA" time="0.001" classname="RahulShettyTraining.MavenJava.RestAPITest"/>
  <testcase name="IOSApps" time="0.0" classname="RahulShettyTraining.MavenJava.AppiumTest"/>
  <testcase name="NativeAppAndroid" time="0.003" classname="RahulShettyTraining.MavenJava.AppiumTest"/>
</testsuite> <!-- Test -->
