<?xml version="1.0" encoding="UTF-8"?>
<testng-results ignored="0" total="6" passed="6" failed="0" skipped="0">
  <reporter-output>
  </reporter-output>
  <suite started-at="2022-01-21T16:14:49 IST" name="Suite" finished-at="2022-01-21T16:14:49 IST" duration-ms="372">
    <groups>
    </groups>
    <test started-at="2022-01-21T16:14:49 IST" name="Test" finished-at="2022-01-21T16:14:49 IST" duration-ms="372">
      <class name="RahulShettyTraining.MavenJava.AppiumTest">
        <test-method signature="IOSApps()[pri:0, instance:RahulShettyTraining.MavenJava.AppiumTest@71a8adcf]" started-at="2022-01-21T16:14:49 IST" name="IOSApps" finished-at="2022-01-21T16:14:49 IST" duration-ms="5" status="PASS">
          <reporter-output>
          </reporter-output>
        </test-method> <!-- IOSApps -->
        <test-method signature="NativeAppAndroid()[pri:0, instance:RahulShettyTraining.MavenJava.AppiumTest@71a8adcf]" started-at="2022-01-21T16:14:49 IST" name="NativeAppAndroid" finished-at="2022-01-21T16:14:49 IST" duration-ms="35" status="PASS">
          <reporter-output>
          </reporter-output>
        </test-method> <!-- NativeAppAndroid -->
      </class> <!-- RahulShettyTraining.MavenJava.AppiumTest -->
      <class name="RahulShettyTraining.MavenJava.SeleniumTest">
        <test-method signature="browserAutomation()[pri:0, instance:RahulShettyTraining.MavenJava.SeleniumTest@2805d709]" started-at="2022-01-21T16:14:49 IST" name="browserAutomation" finished-at="2022-01-21T16:14:49 IST" duration-ms="132" status="PASS">
          <reporter-output>
          </reporter-output>
        </test-method> <!-- browserAutomation -->
        <test-method signature="elementsUI()[pri:0, instance:RahulShettyTraining.MavenJava.SeleniumTest@2805d709]" started-at="2022-01-21T16:14:49 IST" name="elementsUI" finished-at="2022-01-21T16:14:49 IST" duration-ms="3" status="PASS">
          <reporter-output>
          </reporter-output>
        </test-method> <!-- elementsUI -->
      </class> <!-- RahulShettyTraining.MavenJava.SeleniumTest -->
      <class name="RahulShettyTraining.MavenJava.RestAPITest">
        <test-method signature="deleteTwitter()[pri:0, instance:RahulShettyTraining.MavenJava.RestAPITest@49049a04]" started-at="2022-01-21T16:14:49 IST" name="deleteTwitter" finished-at="2022-01-21T16:14:49 IST" duration-ms="6" status="PASS">
          <reporter-output>
          </reporter-output>
        </test-method> <!-- deleteTwitter -->
        <test-method signature="postJIRA()[pri:0, instance:RahulShettyTraining.MavenJava.RestAPITest@49049a04]" started-at="2022-01-21T16:14:49 IST" name="postJIRA" finished-at="2022-01-21T16:14:49 IST" duration-ms="5" status="PASS">
          <reporter-output>
          </reporter-output>
        </test-method> <!-- postJIRA -->
      </class> <!-- RahulShettyTraining.MavenJava.RestAPITest -->
    </test> <!-- Test -->
  </suite> <!-- Suite -->
</testng-results>
